Using pre-set license
Built from '2020.3/staging' branch; Version is '2020.3.8f1 (507919d4fff5) revision 5273881'; Using compiler version '192528614'; Build Type 'Release'
OS: 'Windows 10 Pro for Workstations; OS build 19041.1165; Version 2004; 64bit' Language: 'en' Physical Memory: 97936 MB
BatchMode: 1, IsHumanControllingUs: 0, StartBugReporterOnCrash: 0, Is64bit: 1, IsPro: 0

 COMMAND LINE ARGUMENTS:
C:\Program Files\Unity\Hub\Editor\2020.3.8f1\Editor\Unity.exe
-adb2
-batchMode
-noUpm
-name
AssetImportWorker0
-projectPath
C:/Users/nige7/Documents/GitHub/au2019-unity-fbx-bim/unity-fbx-bim
-logFile
Logs/AssetImportWorker0.log
-srvPort
62112
Successfully changed project path to: C:/Users/nige7/Documents/GitHub/au2019-unity-fbx-bim/unity-fbx-bim
C:/Users/nige7/Documents/GitHub/au2019-unity-fbx-bim/unity-fbx-bim
Using Asset Import Pipeline V2.
Refreshing native plugins compatible for Editor in 26.37 ms, found 0 plugins.
Preloading 0 native plugins for Editor in 0.00 ms.
Initialize engine version: 2020.3.8f1 (507919d4fff5)
[Subsystems] Discovering subsystems at path C:/Program Files/Unity/Hub/Editor/2020.3.8f1/Editor/Data/Resources/UnitySubsystems
[Subsystems] Discovering subsystems at path C:/Users/nige7/Documents/GitHub/au2019-unity-fbx-bim/unity-fbx-bim/Assets
GfxDevice: creating device client; threaded=0
Direct3D:
    Version:  Direct3D 11.0 [level 11.1]
    Renderer: NVIDIA Quadro RTX 4000 with Max-Q Design (ID=0x1eb6)
    Vendor:   
    VRAM:     8018 MB
    Driver:   27.21.14.6298
Initialize mono
Mono path[0] = 'C:/Program Files/Unity/Hub/Editor/2020.3.8f1/Editor/Data/Managed'
Mono path[1] = 'C:/Program Files/Unity/Hub/Editor/2020.3.8f1/Editor/Data/MonoBleedingEdge/lib/mono/unityjit'
Mono config path = 'C:/Program Files/Unity/Hub/Editor/2020.3.8f1/Editor/Data/MonoBleedingEdge/etc'
Using monoOptions --debugger-agent=transport=dt_socket,embedding=1,server=y,suspend=n,address=127.0.0.1:56044
Begin MonoManager ReloadAssembly
Registering precompiled unity dll's ...
Register platform support module: C:/Program Files/Unity/Hub/Editor/2020.3.8f1/Editor/Data/PlaybackEngines/WindowsStandaloneSupport/UnityEditor.WindowsStandalone.Extensions.dll
Registered in 0.001749 seconds.
Native extension for WindowsStandalone target not found
Refreshing native plugins compatible for Editor in 26.77 ms, found 0 plugins.
Preloading 0 native plugins for Editor in 0.00 ms.
Mono: successfully reloaded assembly
- Completed reload, in  1.006 seconds
Platform modules already initialized, skipping
Registering precompiled user dll's ...
Registered in 0.000625 seconds.
Begin MonoManager ReloadAssembly
Native extension for WindowsStandalone target not found
Refreshing native plugins compatible for Editor in 0.23 ms, found 0 plugins.
Preloading 0 native plugins for Editor in 0.00 ms.
Mono: successfully reloaded assembly
- Completed reload, in  0.804 seconds
Platform modules already initialized, skipping
========================================================================
Worker process is ready to serve import requests
Launched and connected shader compiler UnityShaderCompiler.exe after 0.04 seconds
Refreshing native plugins compatible for Editor in 0.48 ms, found 0 plugins.
Preloading 0 native plugins for Editor in 0.00 ms.
Unloading 1258 Unused Serialized files (Serialized files now loaded: 0)
System memory in use before: 68.0 MB.
System memory in use after: 68.1 MB.

Unloading 9 unused Assets to reduce memory usage. Loaded Objects now: 1701.
Total: 1.545800 ms (FindLiveObjects: 0.202500 ms CreateObjectMapping: 0.046900 ms MarkObjects: 1.240100 ms  DeleteObjects: 0.055400 ms)

========================================================================
Received Import Request.
  path: Assets/Scripts
  artifactKey: Guid(b01e14f3633ee2643ac8e869c00acb0a) Importer(815301076,1909f56bfc062723c751e8b465ee728b)
Start importing Assets/Scripts using Guid(b01e14f3633ee2643ac8e869c00acb0a) Importer(815301076,1909f56bfc062723c751e8b465ee728b)  -> (artifact id: '34ec6ce06e8c7cde0fcb9144c34aeac2') in 0.009637 seconds
  Import took 0.011820 seconds .

========================================================================
Received Import Request.
  Time since last request: 0.000230 seconds.
  path: Assets/Scripts/Editor
  artifactKey: Guid(f7b2e67ac297c1345b6a7af717d99b32) Importer(815301076,1909f56bfc062723c751e8b465ee728b)
Start importing Assets/Scripts/Editor using Guid(f7b2e67ac297c1345b6a7af717d99b32) Importer(815301076,1909f56bfc062723c751e8b465ee728b)  -> (artifact id: 'f1bd791ee297d91bde2910891cb5f514') in 0.006492 seconds
  Import took 0.008237 seconds .

========================================================================
Received Import Request.
  Time since last request: 0.401481 seconds.
  path: Assets/Scripts/Editor/PostProcessFbx.cs
  artifactKey: Guid(8153fd095e525da438146f3063abef10) Importer(815301076,1909f56bfc062723c751e8b465ee728b)
Start importing Assets/Scripts/Editor/PostProcessFbx.cs using Guid(8153fd095e525da438146f3063abef10) Importer(815301076,1909f56bfc062723c751e8b465ee728b)  -> (artifact id: '1d08219f16f254b780dba3088ecfff0e') in 0.026685 seconds
  Import took 0.028734 seconds .

========================================================================
Received Import Request.
  Time since last request: 0.007089 seconds.
  path: Assets/Scripts/Editor/PostProcessFbx.cs
  artifactKey: Guid(8153fd095e525da438146f3063abef10) Importer(815301076,1909f56bfc062723c751e8b465ee728b)
Start importing Assets/Scripts/Editor/PostProcessFbx.cs using Guid(8153fd095e525da438146f3063abef10) Importer(815301076,1909f56bfc062723c751e8b465ee728b)  -> (artifact id: '1d08219f16f254b780dba3088ecfff0e') in 0.002589 seconds
  Import took 0.004538 seconds .

